<?xml version="1.0" encoding="UTF-8"?>
<coverage generated="1466562451897" clover="3.2.0">
	<project timestamp="1466562451897"  name="All Files" >
		<metrics statements="7"  coveredstatements="7"  conditionals="4"  coveredconditionals="4"  methods="4"  coveredmethods="4"  elements="15"  coveredelements="15"  complexity="0"  packages="2"  files="2"  classes="2"  loc="10"  ncloc="10" />
		<package name="boldr-dx" >
			<metrics statements="3"  coveredstatements="3"  conditionals="0"  coveredconditionals="0"  methods="0"  coveredmethods="0" />
			<file name="setup-jasmine-env.js"  path="/Users/StevenTruesdell/Projects/Boldr/boldr-dx/setup-jasmine-env.js" >
				<metrics statements="3"  coveredstatements="3"  conditionals="0"  coveredconditionals="0"  methods="0"  coveredmethods="0" />
				<line num="1"  count="1"  type="stmt" />
				<line num="2"  count="1"  type="stmt" />
				<line num="3"  count="1"  type="stmt" />
			</file>
		</package>
		<package name="boldr-dx.src.app.scenes.Home" >
			<metrics statements="4"  coveredstatements="4"  conditionals="4"  coveredconditionals="4"  methods="4"  coveredmethods="4" />
			<file name="Home.jsx"  path="/Users/StevenTruesdell/Projects/Boldr/boldr-dx/src/app/scenes/Home/Home.jsx" >
				<metrics statements="4"  coveredstatements="4"  conditionals="4"  coveredconditionals="4"  methods="4"  coveredmethods="4" />
				<line num="1"  count="6"  type="cond"  truecount="4"  falsecount="0" />
				<line num="3"  count="1"  type="stmt" />
				<line num="6"  count="1"  type="stmt" />
				<line num="7"  count="1"  type="stmt" />
			</file>
		</package>
	</project>
</coverage>
