{
"/Users/StevenTruesdell/Projects/Boldr/boldr-dx/setup-jasmine-env.js":{"path":"/Users/StevenTruesdell/Projects/Boldr/boldr-dx/setup-jasmine-env.js","s":{"1":1,"2":1,"3":1},"b":{},"f":{},"fnMap":{},"statementMap":{"1":{"start":{"line":1,"column":39},"end":{"line":1,"column":91},"skip":true},"2":{"start":{"line":2,"column":0},"end":{"line":2,"column":23}},"3":{"start":{"line":3,"column":0},"end":{"line":7,"column":35}}},"branchMap":{},"l":{"1":1,"2":1,"3":1}},
"/Users/StevenTruesdell/Projects/Boldr/boldr-dx/src/app/scenes/Home/Home.jsx":{"path":"/Users/StevenTruesdell/Projects/Boldr/boldr-dx/src/app/scenes/Home/Home.jsx","s":{"1":1,"2":1,"3":1,"4":1,"5":1,"6":1,"7":1,"8":1,"9":1,"10":1,"11":1,"12":1,"13":1,"14":1,"15":6,"16":1,"17":1,"18":1,"19":1,"20":1,"21":1,"22":1,"23":1,"24":1},"b":{"1":[5,1],"2":[6,6]},"f":{"1":6,"2":1,"3":1,"4":1},"fnMap":{"1":{"name":"_interopRequireDefault","line":1,"loc":{"start":{"line":1,"column":919},"end":{"line":1,"column":956}}},"2":{"name":"(anonymous_2)","line":3,"loc":{"start":{"line":3,"column":7},"end":{"line":3,"column":29}}},"3":{"name":"Home","line":3,"loc":{"start":{"line":3,"column":72},"end":{"line":3,"column":88}}},"4":{"name":"render","line":3,"loc":{"start":{"line":3,"column":304},"end":{"line":5,"column":4}}}},"statementMap":{"1":{"start":{"line":1,"column":39},"end":{"line":1,"column":101},"skip":true},"2":{"start":{"line":1,"column":101},"end":{"line":1,"column":180}},"3":{"start":{"line":1,"column":180},"end":{"line":1,"column":243}},"4":{"start":{"line":1,"column":243},"end":{"line":1,"column":314}},"5":{"start":{"line":1,"column":314},"end":{"line":1,"column":378}},"6":{"start":{"line":1,"column":378},"end":{"line":1,"column":443}},"7":{"start":{"line":1,"column":443},"end":{"line":1,"column":501}},"8":{"start":{"line":1,"column":501},"end":{"line":1,"column":594}},"9":{"start":{"line":1,"column":594},"end":{"line":1,"column":680}},"10":{"start":{"line":1,"column":680},"end":{"line":1,"column":739}},"11":{"start":{"line":1,"column":739},"end":{"line":1,"column":791}},"12":{"start":{"line":1,"column":791},"end":{"line":1,"column":847}},"13":{"start":{"line":1,"column":874},"end":{"line":1,"column":919}},"14":{"start":{"line":1,"column":919},"end":{"line":1,"column":1012}},"15":{"start":{"line":1,"column":957},"end":{"line":1,"column":1011}},"16":{"start":{"line":1,"column":1012},"end":{"line":7,"column":203}},"17":{"start":{"line":3,"column":30},"end":{"line":3,"column":72}},"18":{"start":{"line":3,"column":72},"end":{"line":3,"column":246}},"19":{"start":{"line":3,"column":89},"end":{"line":3,"column":131}},"20":{"start":{"line":3,"column":131},"end":{"line":3,"column":245}},"21":{"start":{"line":3,"column":246},"end":{"line":7,"column":171}},"22":{"start":{"line":6,"column":6},"end":{"line":7,"column":165}},"23":{"start":{"line":7,"column":171},"end":{"line":7,"column":183},"skip":true},"24":{"start":{"line":7,"column":230},"end":{"line":14,"column":5}}},"branchMap":{"1":{"line":1,"type":"cond-expr","locations":[{"start":{"line":1,"column":988},"end":{"line":1,"column":991}},{"start":{"line":1,"column":994},"end":{"line":1,"column":1010}}]},"2":{"line":1,"type":"binary-expr","locations":[{"start":{"line":1,"column":964},"end":{"line":1,"column":967}},{"start":{"line":1,"column":971},"end":{"line":1,"column":985}}]}},"l":{"1":6,"3":1,"6":1,"7":1}}}
