TN:
SF:/Users/StevenTruesdell/Projects/Boldr/boldr-dx/setup-jasmine-env.js
FNF:0
FNH:0
DA:1,1
DA:2,1
DA:3,1
LF:3
LH:3
BRF:0
BRH:0
end_of_record
TN:
SF:/Users/StevenTruesdell/Projects/Boldr/boldr-dx/src/app/scenes/Home/Home.jsx
FN:1,_interopRequireDefault
FN:3,(anonymous_2)
FN:3,Home
FN:3,render
FNF:4
FNH:4
FNDA:6,_interopRequireDefault
FNDA:1,(anonymous_2)
FNDA:1,Home
FNDA:1,render
DA:1,6
DA:3,1
DA:6,1
DA:7,1
LF:4
LH:4
BRDA:1,1,0,5
BRDA:1,1,1,1
BRDA:1,2,0,6
BRDA:1,2,1,6
BRF:4
BRH:4
end_of_record
